logging statered
Read environment variables
Read Financial keywords
processing of file : .\Output\PDF Files\19.10.2020\Annual_Report_1.pdf started.
running pull_relevant_image function
logging statered
logging statered
logging statered
logging statered
logging statered
Read environment variables
logging statered
logging statered
Read environment variables
Read environment variables
Read environment variables
logging statered
Read environment variables
Read Financial keywords
Read environment variables
logging statered
Read Financial keywords
Read environment variables
Read environment variables
Read Financial keywords
Read Financial keywords
Read environment variables
Read Financial keywords
logging statered
Read Financial keywords
Read Financial keywords
Read environment variables
Read Financial keywords
Read Financial keywords
Read Financial keywords
found relevant data in pdf
found relevant data in pdf
found relevant data in pdf
pull_relevant_image function ended
running text_processor function
final_frame:
         col1     col3
0     Revenue  226,703
1        EBIT   56,336
2  Net_Income   69,798
col3:
['226,703', '56,336', '69,798']
text_processor function ended
processing of file : .\Output\PDF Files\19.10.2020\Annual_Report_1.pdf ended.
processing of file : .\Output\PDF Files\19.10.2020\Annual_Report_3.pdf started.
running pull_relevant_image function
logging statered
logging statered
logging statered
Read environment variables
logging statered
Read environment variables
Read environment variables
Read Financial keywords
logging statered
Read environment variables
Read Financial keywords
logging statered
Read Financial keywords
Read environment variables
Read Financial keywords
Read environment variables
logging statered
logging statered
Read environment variables
Read Financial keywords
logging statered
Read environment variables
Read Financial keywords
Read Financial keywords
Read environment variables
logging statered
Read Financial keywords
Read environment variables
Read Financial keywords
Read Financial keywords
found relevant data in pdf
pull_relevant_image function ended
running text_processor function
final_frame:
         col1       col3
0     Revenue    780,763
1        EBIT     65,399
2  Net_Income  (114,489)
col3:
['780,763', '65,399', '(114,489)']
text_processor function ended
processing of file : .\Output\PDF Files\19.10.2020\Annual_Report_3.pdf ended.
processing of file : .\Output\PDF Files\19.10.2020\Annual_Report_4.pdf started.
running pull_relevant_image function
logging statered
logging statered
logging statered
Read environment variables
Read environment variables
Read environment variables
logging statered
Read Financial keywords
Read Financial keywords
Read Financial keywords
Read environment variables
logging statered
logging statered
Read environment variables
Read Financial keywords
logging statered
logging statered
Read Financial keywords
Read environment variables
logging statered
Read environment variables
Read environment variables
Read Financial keywords
Read environment variables
Read Financial keywords
logging statered
Read Financial keywords
Read environment variables
Read Financial keywords
Read Financial keywords
found relevant data in pdf
pull_relevant_image function ended
running text_processor function
final_frame:
         col1        col3
0     Revenue            
1        EBIT            
2  Net_Income  (9,622.53)
col3:
['', '', '(9,622.53)']
text_processor function ended
processing of file : .\Output\PDF Files\19.10.2020\Annual_Report_4.pdf ended.
processing of file : .\Output\PDF Files\19.10.2020\Annual_Report_5.pdf started.
running pull_relevant_image function
logging statered
logging statered
Read environment variables
logging statered
logging statered
Read environment variables
Read Financial keywords
logging statered
logging statered
logging statered
Read environment variables
Read environment variables
Read environment variables
Read environment variables
Read Financial keywords
Read environment variables
Read Financial keywords
Read Financial keywords
Read Financial keywords
Read Financial keywords
logging statered
Read environment variables
Read Financial keywords
logging statered
Read environment variables
Read Financial keywords
logging statered
Read Financial keywords
Read environment variables
Read Financial keywords
found relevant data in pdf
found relevant data in pdf
pull_relevant_image function ended
running text_processor function
final_frame:
         col1 col3
0     Revenue     
1        EBIT     
2  Net_Income  3.8
col3:
['', '', '3.8']
text_processor function ended
processing of file : .\Output\PDF Files\19.10.2020\Annual_Report_5.pdf ended.
waiting for nan.pdf
waiting for nan.pdf
waiting for nan.pdf
waiting for nan.pdf
waiting for nan.pdf
waiting for nan.pdf
waiting for nan.pdf
waiting for nan.pdf
processing of file : .\Output\PDF Files\19.10.2020\Annual_Report_14.pdf started.
running pull_relevant_image function
logging statered
logging statered
Read environment variables
logging statered
logging statered
Read environment variables
Read environment variables
Read Financial keywords
Read Financial keywords
Read environment variables
logging statered
logging statered
logging statered
Read environment variables
Read Financial keywords
Read Financial keywords
Read environment variables
logging statered
logging statered
Read environment variables
Read Financial keywords
Read environment variables
Read Financial keywords
Read Financial keywords
Read Financial keywords
Read environment variables
logging statered
Read environment variables
Read Financial keywords
Read Financial keywords
found relevant data in pdf
pull_relevant_image function ended
running text_processor function
final_frame:
         col1 col3
0     Revenue     
1        EBIT     
2  Net_Income    -
col3:
['', '', '-']
text_processor function ended
processing of file : .\Output\PDF Files\19.10.2020\Annual_Report_14.pdf ended.
processing of file : .\Output\PDF Files\19.10.2020\Annual_Report_15.pdf started.
running pull_relevant_image function
logging statered
logging statered
logging statered
Read environment variables
logging statered
Read environment variables
logging statered
Read environment variables
Read environment variables
Read environment variables
Read Financial keywords
Read Financial keywords
Read Financial keywords
logging statered
logging statered
Read environment variables
Read Financial keywords
Read Financial keywords
Read Financial keywords
logging statered
logging statered
Read environment variables
Read environment variables
Read environment variables
Read Financial keywords
Read Financial keywords
logging statered
Read Financial keywords
Read environment variables
Read Financial keywords
found relevant data in pdf
pull_relevant_image function ended
running text_processor function
final_frame:
         col1 col3
0     Revenue     
1        EBIT    -
2  Net_Income    -
col3:
['', '-', '-']
text_processor function ended
processing of file : .\Output\PDF Files\19.10.2020\Annual_Report_15.pdf ended.
waiting for nan.pdf
waiting for nan.pdf
waiting for nan.pdf
processing of file : .\Output\PDF Files\19.10.2020\Annual_Report_17.pdf started.
running pull_relevant_image function
logging statered
Read environment variables
Read Financial keywords
logging statered
logging statered
Read environment variables
logging statered
logging statered
Read Financial keywords
Read environment variables
logging statered
Read environment variables
logging statered
Read environment variables
Read environment variables
Read Financial keywords
Read Financial keywords
Read Financial keywords
Read environment variables
logging statered
logging statered
logging statered
Read environment variables
Read Financial keywords
Read Financial keywords
Read environment variables
Read environment variables
Read Financial keywords
Read Financial keywords
Read Financial keywords
found relevant data in pdf
pull_relevant_image function ended
running text_processor function
final_frame:
         col1     col3
0     Revenue         
1        EBIT         
2  Net_Income  (4,471)
col3:
['', '', '(4,471)']
text_processor function ended
processing of file : .\Output\PDF Files\19.10.2020\Annual_Report_17.pdf ended.
waiting for nan.pdf
waiting for nan.pdf
waiting for nan.pdf
waiting for nan.pdf
must be str, not NoneType
processing of file : Annual_Report_21.pdf ended with errors.
waiting for nan.pdf
waiting for nan.pdf
waiting for nan.pdf
waiting for nan.pdf
waiting for nan.pdf
waiting for nan.pdf
waiting for nan.pdf
waiting for nan.pdf
waiting for nan.pdf
waiting for nan.pdf
waiting for nan.pdf
waiting for nan.pdf
waiting for nan.pdf
processing of file : .\Output\PDF Files\19.10.2020\Annual_Report_28.pdf started.
running pull_relevant_image function
logging statered
logging statered
logging statered
Read environment variables
logging statered
Read environment variables
Read environment variables
Read environment variables
logging statered
logging statered
logging statered
Read Financial keywords
Read Financial keywords
Read Financial keywords
Read environment variables
Read Financial keywords
Read Financial keywords
logging statered
logging statered
Read environment variables
logging statered
Read environment variables
Read environment variables
Read environment variables
Read Financial keywords
Read Financial keywords
Read Financial keywords
Read environment variables
Read Financial keywords
Read Financial keywords
found relevant data in pdf
found relevant data in pdf
found relevant data in pdf
pull_relevant_image function ended
running text_processor function
final_frame:
         col1 col3
0     Revenue    -
1        EBIT  0.3
2  Net_Income     
col3:
['-', '0.3', '']
text_processor function ended
processing of file : .\Output\PDF Files\19.10.2020\Annual_Report_28.pdf ended.
processing of file : .\Output\PDF Files\19.10.2020\Annual_Report_30.pdf started.
running pull_relevant_image function
logging statered
logging statered
logging statered
Read environment variables
Read environment variables
logging statered
Read environment variables
Read Financial keywords
Read environment variables
logging statered
logging statered
logging statered
Read environment variables
Read environment variables
Read environment variables
Read Financial keywords
Read Financial keywords
Read Financial keywords
logging statered
Read environment variables
Read Financial keywords
Read Financial keywords
Read Financial keywords
Read Financial keywords
logging statered
logging statered
Read environment variables
Read Financial keywords
Read environment variables
Read Financial keywords
found relevant data in pdf
pull_relevant_image function ended
running text_processor function
final_frame:
         col1                                              col3
0     Revenue                                         6,686,296
1        EBIT                              6426163) (4,418,627)
2  Net_Income  3,647,436) (23,647,436) 40,175,902) (40,175,902)
col3:
['6,686,296', '6426163) (4,418,627)', '3,647,436) (23,647,436) 40,175,902) (40,175,902)']
text_processor function ended
processing of file : .\Output\PDF Files\19.10.2020\Annual_Report_30.pdf ended.
