logging statered
Read environment variables
Read Financial keywords
must be str, not NoneType
processing of file : Annual_Report_1.pdf ended with errors.
waiting for nan.pdf
waiting for nan.pdf
waiting for nan.pdf
waiting for nan.pdf
processing of file : .\Output\PDF Files\19.10.2020\Annual_Report_3.pdf started.
running pull_relevant_image function
logging statered
logging statered
Read environment variables
Read environment variables
logging statered
logging statered
logging statered
Read environment variables
logging statered
Read Financial keywords
Read Financial keywords
Read environment variables
Read Financial keywords
Read Financial keywords
Read environment variables
Read Financial keywords
Read environment variables
logging statered
logging statered
logging statered
logging statered
Read Financial keywords
Read environment variables
Read environment variables
Read Financial keywords
Read environment variables
Read Financial keywords
Read Financial keywords
Read environment variables
Read Financial keywords
found relevant data in pdf
pull_relevant_image function ended
running text_processor function
final_frame:
         col1       col3
0     Revenue    780,763
1        EBIT     65,399
2  Net_Income  (114,489)
col3:
['780,763', '65,399', '(114,489)']
text_processor function ended
processing of file : .\Output\PDF Files\19.10.2020\Annual_Report_3.pdf ended.
